
4월 29, 2019 12:42:18.42 NEW SESSION
4월 29, 2019 12:42:18.42 [4772:13200:0429/124218.422:ERROR:browser_process_sub_thread.cc(217)] Waited 164 ms for network service
4월 29, 2019 14:38:18.81 [11020:3728:0429/143818.814:ERROR:browser_process_sub_thread.cc(217)] Waited 116 ms for network service

4월 30, 2019 09:43:29.93 NEW SESSION
4월 30, 2019 09:43:29.93 [5716:4548:0430/094329.933:ERROR:CONSOLE(0)] "Access to XMLHttpRequest at 'https://play.google.com/log?format=json&hasfast=true&authuser=0' from origin 'chrome-search://local-ntp' has been blocked by CORS policy: Response to preflight request doesn't pass access control check: The 'Access-Control-Allow-Origin' header has a value 'http://play.google.com' that is not equal to the supplied origin.", source: chrome-search://local-ntp/local-ntp.html (0)
4월 30, 2019 09:43:36.91 [5716:4548:0430/094336.912:ERROR:CONSOLE(0)] "Access to XMLHttpRequest at 'https://play.google.com/log?format=json&hasfast=true&authuser=0' from origin 'chrome-search://local-ntp' has been blocked by CORS policy: Response to preflight request doesn't pass access control check: The 'Access-Control-Allow-Origin' header has a value 'http://play.google.com' that is not equal to the supplied origin.", source: chrome-search://local-ntp/local-ntp.html (0)
4월 30, 2019 09:44:35.85 [5716:4548:0430/094435.857:ERROR:textfield.cc(1773)] NOT IMPLEMENTED
4월 30, 2019 11:17:13.24 [5716:4548:0430/111713.248:ERROR:CONSOLE(0)] "Access to XMLHttpRequest at 'https://play.google.com/log?format=json&hasfast=true&authuser=0' from origin 'chrome-search://local-ntp' has been blocked by CORS policy: Response to preflight request doesn't pass access control check: The 'Access-Control-Allow-Origin' header has a value 'http://play.google.com' that is not equal to the supplied origin.", source: chrome-search://local-ntp/local-ntp.html (0)
4월 30, 2019 11:17:18.11 [5716:4548:0430/111718.112:ERROR:CONSOLE(0)] "Access to XMLHttpRequest at 'https://play.google.com/log?format=json&hasfast=true&authuser=0' from origin 'chrome-search://local-ntp' has been blocked by CORS policy: Response to preflight request doesn't pass access control check: The 'Access-Control-Allow-Origin' header has a value 'http://play.google.com' that is not equal to the supplied origin.", source: chrome-search://local-ntp/local-ntp.html (0)
4월 30, 2019 13:46:56.79 [5716:12320:0430/134656.796:ERROR:audio_manager_base.cc(363)] Invalid audio output parameters received; using fake audio path: format: 0, channel_layout: 0, channels: 0, sample_rate: 0, frames_per_buffer: 0, effects: 0, mic_positions: 

5월 02, 2019 14:30:59.64 NEW SESSION
5월 02, 2019 14:30:59.64 [9804:13708:0502/143059.646:ERROR:browser_process_sub_thread.cc(217)] Waited 59 ms for network service
5월 02, 2019 15:41:37.23 [14908:3668:0502/154137.233:ERROR:browser_process_sub_thread.cc(217)] Waited 37 ms for network service

5월 03, 2019 14:22:52.97 NEW SESSION
5월 03, 2019 14:22:52.97 [6940:3448:0503/142252.962:ERROR:audio_manager_base.cc(363)] Invalid audio output parameters received; using fake audio path: format: 0, channel_layout: 0, channels: 0, sample_rate: 0, frames_per_buffer: 0, effects: 0, mic_positions: 
5월 03, 2019 14:24:18.86 [6940:3448:0503/142418.863:ERROR:audio_manager_base.cc(363)] Invalid audio output parameters received; using fake audio path: format: 0, channel_layout: 0, channels: 0, sample_rate: 0, frames_per_buffer: 0, effects: 0, mic_positions: 
5월 03, 2019 14:24:18.93 [6940:3448:0503/142418.937:ERROR:audio_manager_base.cc(363)] Invalid audio output parameters received; using fake audio path: format: 0, channel_layout: 0, channels: 0, sample_rate: 0, frames_per_buffer: 0, effects: 0, mic_positions: 
5월 03, 2019 14:24:19.31 [6940:3448:0503/142419.314:ERROR:audio_manager_base.cc(363)] Invalid audio output parameters received; using fake audio path: format: 0, channel_layout: 0, channels: 0, sample_rate: 0, frames_per_buffer: 0, effects: 0, mic_positions: 
5월 03, 2019 14:26:03.39 [6940:3448:0503/142603.399:ERROR:audio_manager_base.cc(363)] Invalid audio output parameters received; using fake audio path: format: 0, channel_layout: 0, channels: 0, sample_rate: 0, frames_per_buffer: 0, effects: 0, mic_positions: 
5월 03, 2019 14:26:14.17 [6940:3448:0503/142614.179:ERROR:audio_manager_base.cc(363)] Invalid audio output parameters received; using fake audio path: format: 0, channel_layout: 0, channels: 0, sample_rate: 0, frames_per_buffer: 0, effects: 0, mic_positions: 
5월 03, 2019 14:38:28.25 [6940:13972:0503/143828.256:ERROR:textfield.cc(1773)] NOT IMPLEMENTED
5월 03, 2019 15:01:44.37 [6940:3448:0503/150144.374:ERROR:audio_manager_base.cc(363)] Invalid audio output parameters received; using fake audio path: format: 0, channel_layout: 0, channels: 0, sample_rate: 0, frames_per_buffer: 0, effects: 0, mic_positions: 
5월 03, 2019 16:17:36.32 [6940:13972:0503/161736.325:ERROR:page_load_metrics_update_dispatcher.cc(108)] Invalid parse_blocked_on_script_execution_duration 0.761 s for parse duration 0.644 s
5월 03, 2019 16:17:37.09 [6940:13972:0503/161737.097:ERROR:page_load_metrics_update_dispatcher.cc(108)] Invalid parse_blocked_on_script_execution_duration 0.761 s for parse duration 0.644 s

5월 07, 2019 13:43:39.84 NEW SESSION
5월 07, 2019 13:43:39.84 [6812:7712:0507/134339.833:ERROR:page_load_metrics_update_dispatcher.cc(108)] Invalid parse_blocked_on_script_execution_duration 0.782 s for parse duration 0.659 s
5월 07, 2019 13:43:40.46 [6812:7712:0507/134340.465:ERROR:page_load_metrics_update_dispatcher.cc(108)] Invalid parse_blocked_on_script_execution_duration 0.782 s for parse duration 0.659 s
5월 07, 2019 14:52:18.38 [6812:8392:0507/145218.380:ERROR:browser_process_sub_thread.cc(217)] Waited 72 ms for network service
5월 07, 2019 15:13:40.60 [14584:7100:0507/151340.602:ERROR:browser_process_sub_thread.cc(217)] Waited 28 ms for network service
5월 07, 2019 15:16:38.71 [15592:8008:0507/151638.718:ERROR:browser_process_sub_thread.cc(217)] Waited 129 ms for network service
5월 07, 2019 15:18:02.87 [12804:112:0507/151802.873:ERROR:browser_process_sub_thread.cc(217)] Waited 155 ms for network service
5월 07, 2019 15:21:41.78 [18716:13076:0507/152141.789:ERROR:browser_process_sub_thread.cc(217)] Waited 136 ms for network service
5월 07, 2019 15:45:27.39 [14752:18864:0507/154527.397:ERROR:browser_process_sub_thread.cc(217)] Waited 91 ms for network service
5월 07, 2019 16:05:31.50 [844:6876:0507/160531.505:ERROR:browser_process_sub_thread.cc(217)] Waited 54 ms for network service
5월 07, 2019 16:05:56.63 [17036:19244:0507/160556.633:ERROR:browser_process_sub_thread.cc(217)] Waited 126 ms for network service
5월 07, 2019 16:14:49.53 [5700:11320:0507/161449.533:ERROR:browser_process_sub_thread.cc(217)] Waited 123 ms for network service
5월 07, 2019 16:29:02.28 [15872:6952:0507/162902.285:ERROR:browser_process_sub_thread.cc(217)] Waited 58 ms for network service
5월 07, 2019 16:33:36.91 [7768:18232:0507/163336.910:ERROR:browser_process_sub_thread.cc(217)] Waited 148 ms for network service

5월 10, 2019 15:52:04.38 NEW SESSION
5월 10, 2019 15:52:04.38 [2088:6936:0510/155204.252:ERROR:audio_manager_base.cc(363)] Invalid audio output parameters received; using fake audio path: format: 0, channel_layout: 0, channels: 0, sample_rate: 0, frames_per_buffer: 0, effects: 0, mic_positions: 
5월 10, 2019 16:54:58.92 [2088:6936:0510/165458.924:ERROR:audio_manager_base.cc(363)] Invalid audio output parameters received; using fake audio path: format: 0, channel_layout: 0, channels: 0, sample_rate: 0, frames_per_buffer: 0, effects: 0, mic_positions: 
5월 10, 2019 16:59:43.59 [2088:6936:0510/165943.591:ERROR:audio_manager_base.cc(363)] Invalid audio output parameters received; using fake audio path: format: 0, channel_layout: 0, channels: 0, sample_rate: 0, frames_per_buffer: 0, effects: 0, mic_positions: 
5월 10, 2019 17:56:59.06 [2088:16348:0510/175659.059:ERROR:CONSOLE(0)] "Access to XMLHttpRequest at 'https://play.google.com/log?format=json&hasfast=true' from origin 'chrome-search://local-ntp' has been blocked by CORS policy: The 'Access-Control-Allow-Origin' header has a value 'http://play.google.com' that is not equal to the supplied origin.", source: chrome-search://local-ntp/local-ntp.html (0)
5월 10, 2019 17:57:01.03 [2088:16348:0510/175701.036:ERROR:CONSOLE(0)] "Access to XMLHttpRequest at 'https://play.google.com/log?format=json&hasfast=true' from origin 'chrome-search://local-ntp' has been blocked by CORS policy: The 'Access-Control-Allow-Origin' header has a value 'http://play.google.com' that is not equal to the supplied origin.", source: chrome-search://local-ntp/local-ntp.html (0)
5월 10, 2019 17:57:05.14 [2088:16348:0510/175705.141:ERROR:CONSOLE(0)] "Access to XMLHttpRequest at 'https://play.google.com/log?format=json&hasfast=true' from origin 'chrome-search://local-ntp' has been blocked by CORS policy: The 'Access-Control-Allow-Origin' header has a value 'http://play.google.com' that is not equal to the supplied origin.", source: chrome-search://local-ntp/local-ntp.html (0)
5월 10, 2019 17:57:12.58 [2088:16348:0510/175712.580:ERROR:CONSOLE(0)] "Access to XMLHttpRequest at 'https://play.google.com/log?format=json&hasfast=true' from origin 'chrome-search://local-ntp' has been blocked by CORS policy: The 'Access-Control-Allow-Origin' header has a value 'http://play.google.com' that is not equal to the supplied origin.", source: chrome-search://local-ntp/local-ntp.html (0)
5월 10, 2019 17:57:28.99 [2088:16348:0510/175728.995:ERROR:CONSOLE(0)] "Access to XMLHttpRequest at 'https://play.google.com/log?format=json&hasfast=true' from origin 'chrome-search://local-ntp' has been blocked by CORS policy: The 'Access-Control-Allow-Origin' header has a value 'http://play.google.com' that is not equal to the supplied origin.", source: chrome-search://local-ntp/local-ntp.html (0)
5월 10, 2019 19:00:39.44 [2088:16348:0510/190039.446:ERROR:textfield.cc(1773)] NOT IMPLEMENTED
5월 10, 2019 19:46:40.99 [2088:7784:0510/194640.995:ERROR:browser_process_sub_thread.cc(217)] Waited 162 ms for network service

5월 13, 2019 12:09:12.39 NEW SESSION
5월 13, 2019 12:09:12.39 [18704:21380:0513/120912.390:ERROR:audio_manager_base.cc(363)] Invalid audio output parameters received; using fake audio path: format: 0, channel_layout: 0, channels: 0, sample_rate: 0, frames_per_buffer: 0, effects: 0, mic_positions: 
5월 13, 2019 12:09:23.90 [18704:21380:0513/120923.907:ERROR:audio_manager_base.cc(363)] Invalid audio output parameters received; using fake audio path: format: 0, channel_layout: 0, channels: 0, sample_rate: 0, frames_per_buffer: 0, effects: 0, mic_positions: 
5월 13, 2019 12:16:01.90 [18704:10408:0513/121601.902:ERROR:textfield.cc(1773)] NOT IMPLEMENTED
5월 13, 2019 15:39:59.16 [18704:20432:0513/153959.159:ERROR:platform_sensor_reader_win.cc(244)] NOT IMPLEMENTED
5월 13, 2019 15:52:31.50 [18704:20432:0513/155231.501:ERROR:platform_sensor_reader_win.cc(244)] NOT IMPLEMENTED
5월 13, 2019 15:56:10.42 [18704:21380:0513/155610.424:ERROR:audio_manager_base.cc(363)] Invalid audio output parameters received; using fake audio path: format: 0, channel_layout: 0, channels: 0, sample_rate: 0, frames_per_buffer: 0, effects: 0, mic_positions: 
5월 13, 2019 16:50:55.78 [18704:21380:0513/165055.786:ERROR:audio_manager_base.cc(363)] Invalid audio output parameters received; using fake audio path: format: 0, channel_layout: 0, channels: 0, sample_rate: 0, frames_per_buffer: 0, effects: 0, mic_positions: 
5월 13, 2019 16:53:19.70 [18704:21380:0513/165319.701:ERROR:audio_manager_base.cc(363)] Invalid audio output parameters received; using fake audio path: format: 0, channel_layout: 0, channels: 0, sample_rate: 0, frames_per_buffer: 0, effects: 0, mic_positions: 
5월 13, 2019 17:00:53.23 [18704:21380:0513/170053.234:ERROR:audio_manager_base.cc(363)] Invalid audio output parameters received; using fake audio path: format: 0, channel_layout: 0, channels: 0, sample_rate: 0, frames_per_buffer: 0, effects: 0, mic_positions: 
